<?xml version="1.0" encoding="UTF-8"?>
<!-- Generated by org.testng.reporters.JUnitReportReporter -->
<testsuite hostname="AshokLP" failures="0" tests="6" name="TestNG.SkipTestCase" time="0.030" errors="0" timestamp="2021-06-09T17:19:28 IST" skipped="1">
  <testcase classname="TestNG.SkipTestCase" name="StartTheCar" time="0.013"/>
  <system-out/>
  <testcase classname="TestNG.SkipTestCase" name="PutFirstGear" time="0.004"/>
  <system-out/>
  <testcase classname="TestNG.SkipTestCase" name="SecondGear" time="0.005"/>
  <system-out/>
  <testcase classname="TestNG.SkipTestCase" name="ThirdGear" time="0.003"/>
  <system-out/>
  <testcase classname="TestNG.SkipTestCase" name="FourthGear" time="0.005"/>
  <system-out/>
  <testcase classname="TestNG.SkipTestCase" name="TurnedOnMusic">
    <skipped/>
  </testcase> <!-- TurnedOnMusic -->
  <system-out/>
</testsuite> <!-- TestNG.SkipTestCase -->
