<?xml version="1.0" encoding="UTF-8"?>
<!-- Generated by org.testng.reporters.JUnitReportReporter -->
<testsuite hostname="AshokLP" failures="0" tests="1" name="TestCases.UpdateProfileTest" time="30.872" errors="0" timestamp="2021-06-14T14:02:35 IST" skipped="0">
  <testcase classname="TestCases.UpdateProfileTest" name="updateProfile" time="30.872"/>
  <system-out/>
</testsuite> <!-- TestCases.UpdateProfileTest -->
