<?xml version="1.0" encoding="UTF-8"?>
<!-- Generated by org.testng.reporters.JUnitReportReporter -->
<testsuite hostname="AshokLP" failures="0" tests="1" name="com.test.Customer" time="0.016" errors="0" timestamp="2020-09-15T20:06:43 IST" skipped="0">
  <testcase classname="com.test.Customer" name="login" time="0.016"/>
  <system-out/>
</testsuite> <!-- com.test.Customer -->
