<?xml version="1.0" encoding="UTF-8"?>
<!-- Generated by org.testng.reporters.JUnitReportReporter -->
<testsuite hostname="AshokLP" failures="0" tests="5" name="TestNextGen.TestPriority" time="0.073" errors="0" timestamp="2024-02-12T16:17:02 IST" skipped="0">
  <testcase classname="TestNextGen.TestPriority" name="StartTheCar" time="0.066"/>
  <system-out/>
  <testcase classname="TestNextGen.TestPriority" name="PutFirstGear" time="0.002"/>
  <system-out/>
  <testcase classname="TestNextGen.TestPriority" name="SecondGear" time="0.001"/>
  <system-out/>
  <testcase classname="TestNextGen.TestPriority" name="ThirdGear" time="0.002"/>
  <system-out/>
  <testcase classname="TestNextGen.TestPriority" name="FourthGear" time="0.002"/>
  <system-out/>
</testsuite> <!-- TestNextGen.TestPriority -->
