<?xml version="1.0" encoding="UTF-8"?>
<!-- Generated by org.testng.reporters.JUnitReportReporter -->
<testsuite hostname="AshokLP" failures="0" tests="2" name="TestNextGen.Softassert" time="0.021" errors="0" timestamp="2024-01-29T15:09:55 IST" skipped="0">
  <testcase classname="TestNextGen.Softassert" name="testhard" time="0.015"/>
  <system-out/>
  <testcase classname="TestNextGen.Softassert" name="testsoft" time="0.006"/>
  <system-out/>
</testsuite> <!-- TestNextGen.Softassert -->
