<?xml version="1.0" encoding="UTF-8"?>
<!-- Generated by org.testng.reporters.JUnitReportReporter -->
<testsuite hostname="AshokLP" failures="0" tests="1" name="TestCases.LoginPageTest" time="32.270" errors="0" timestamp="2021-06-14T13:25:23 IST" skipped="0">
  <testcase classname="TestCases.LoginPageTest" name="Login" time="32.270"/>
  <system-out/>
</testsuite> <!-- TestCases.LoginPageTest -->
