<?xml version="1.0" encoding="UTF-8"?>
<!-- Generated by org.testng.reporters.JUnitReportReporter -->
<testsuite hostname="AshokLP" failures="0" tests="3" name="com.test.TestNgBasics" time="0.014" errors="0" timestamp="2020-09-11T18:54:16 IST" skipped="0">
  <testcase classname="com.test.TestNgBasics" name="search" time="0.004"/>
  <system-out/>
  <testcase classname="com.test.TestNgBasics" name="googleTitle" time="0.007"/>
  <system-out/>
  <testcase classname="com.test.TestNgBasics" name="googlelogo" time="0.003"/>
  <system-out/>
</testsuite> <!-- com.test.TestNgBasics -->
