<?xml version="1.0" encoding="UTF-8"?>
<!-- Generated by org.testng.reporters.JUnitReportReporter -->
<testsuite hostname="AshokLP" failures="0" tests="1" name="PageObjectTestCases.LoginPageTest" time="21.703" errors="0" timestamp="2021-08-30T15:01:13 IST" skipped="0">
  <testcase classname="PageObjectTestCases.LoginPageTest" name="Login" time="21.703"/>
  <system-out/>
</testsuite> <!-- PageObjectTestCases.LoginPageTest -->
