<?xml version="1.0" encoding="UTF-8"?>
<!-- Generated by org.testng.reporters.JUnitReportReporter -->
<testsuite hostname="AshokLP" failures="0" tests="3" name="TestNG.DependenciesManagement" time="0.018" errors="0" timestamp="2021-06-09T17:25:38 IST" skipped="0">
  <testcase classname="TestNG.DependenciesManagement" name="HigherSecondary" time="0.003"/>
  <system-out/>
  <testcase classname="TestNG.DependenciesManagement" name="Engineering" time="0.002"/>
  <system-out/>
  <testcase classname="TestNG.DependenciesManagement" name="highSchool" time="0.013"/>
  <system-out/>
</testsuite> <!-- TestNG.DependenciesManagement -->
