<?xml version="1.0" encoding="UTF-8"?>
<!-- Generated by org.testng.reporters.JUnitReportReporter -->
<testsuite hostname="AshokLP" failures="0" tests="5" name="TestNG.TestSuite" time="0.038" errors="0" timestamp="2021-06-09T17:11:59 IST" skipped="0">
  <testcase classname="TestNG.TestSuite" name="StartTheCar" time="0.015"/>
  <system-out/>
  <testcase classname="TestNG.TestSuite" name="PutFirstGear" time="0.004"/>
  <system-out/>
  <testcase classname="TestNG.TestSuite" name="SecondGear" time="0.008"/>
  <system-out/>
  <testcase classname="TestNG.TestSuite" name="ThirdGear" time="0.005"/>
  <system-out/>
  <testcase classname="TestNG.TestSuite" name="FourthGear" time="0.006"/>
  <system-out/>
</testsuite> <!-- TestNG.TestSuite -->
