<?xml version="1.0" encoding="UTF-8"?>
<!-- Generated by org.testng.reporters.JUnitReportReporter -->
<testsuite hostname="AshokLP" failures="0" tests="3" name="TestNextGen.AssertionExample" time="0.015" errors="0" timestamp="2024-01-29T15:08:34 IST" skipped="0">
  <testcase classname="TestNextGen.AssertionExample" name="test1" time="0.012"/>
  <system-out/>
  <testcase classname="TestNextGen.AssertionExample" name="test3" time="0.002"/>
  <system-out/>
  <testcase classname="TestNextGen.AssertionExample" name="test2" time="0.001"/>
  <system-out/>
</testsuite> <!-- TestNextGen.AssertionExample -->
