<?xml version="1.0" encoding="UTF-8"?>
<!-- Generated by org.testng.reporters.JUnitReportReporter -->
<testsuite hostname="AshokLP" failures="0" tests="1" name="PageObjectTestCases.UpdateProfileTest" time="33.665" errors="0" timestamp="2021-08-21T15:49:11 IST" skipped="0">
  <testcase classname="PageObjectTestCases.UpdateProfileTest" name="updateProfile" time="33.665"/>
  <system-out/>
</testsuite> <!-- PageObjectTestCases.UpdateProfileTest -->
