<?xml version="1.0" encoding="UTF-8"?>
<!-- Generated by org.testng.reporters.JUnitReportReporter -->
<testsuite hostname="AshokLP" failures="0" tests="3" name="TestNG.SuiteExample" time="13.095" errors="0" timestamp="2021-06-09T17:47:39 IST" skipped="0">
  <testcase classname="TestNG.SuiteExample" name="OpenAgoogle" time="5.626"/>
  <system-out/>
  <testcase classname="TestNG.SuiteExample" name="OpenWiki" time="5.201"/>
  <system-out/>
  <testcase classname="TestNG.SuiteExample" name="OpenBing" time="2.268"/>
  <system-out/>
</testsuite> <!-- TestNG.SuiteExample -->
