<?xml version="1.0" encoding="UTF-8"?>
<!-- Generated by org.testng.reporters.JUnitReportReporter -->
<testsuite hostname="AshokLP" failures="0" tests="5" name="TestNG.TestPriority" time="0.030" errors="0" timestamp="2021-06-09T17:14:18 IST" skipped="0">
  <testcase classname="TestNG.TestPriority" name="StartTheCar" time="0.015"/>
  <system-out/>
  <testcase classname="TestNG.TestPriority" name="PutFirstGear" time="0.004"/>
  <system-out/>
  <testcase classname="TestNG.TestPriority" name="SecondGear" time="0.005"/>
  <system-out/>
  <testcase classname="TestNG.TestPriority" name="ThirdGear" time="0.003"/>
  <system-out/>
  <testcase classname="TestNG.TestPriority" name="FourthGear" time="0.003"/>
  <system-out/>
</testsuite> <!-- TestNG.TestPriority -->
